# OPEN THIS FILE AS APPEND and write logs to this file
# this is for login, register, failed login etc
# format:
# dd/mm/yy HH:MM:SS, what action done by what user etc
# examples:
10/11/25 22:12:39 FAILED LOGIN ATTEMPT INTO: stinker123
10/11/25 22:55:10 LOGIN pcb
10/11/25 23:00:13 ACCOUNT: pcb  DELETED BY: admin_user
11/11/25 00:49:48 ACCOUNT: bla  MADE BY: pcb
12/11/25 08:42:29 ACCOUNT: user123  REGISTERED
12/11/25 09:33:45 LOGIN member_user
12/11/25 12:22:56 FAILED LOGIN ATTEMPT INT0: trainer_user


# the following will be added automatically by the program
15/11/25 19:20:02 ACCOUNT: temp DELETED BY: pcb
15/11/25 19:28:38 ACCOUNT: temptemp DELETED BY: pcb
15/11/25 19:29:17 ACCOUNT: temp CREATED BY: pcb
18/11/25 18:48:54 ACCOUNT: admin CREATED BY: pcb
18/11/25 18:56:58 ACCOUNT: admin CREATED BY: pcb

26/11/25 12:29:31 FAILED LOGIN ATTEMPT: pcb
29/11/25 13:42:47 FAILED LOGIN ATTEMPT: pbc
29/11/25 13:44:05 ACCOUNT: temp BANNED BY: pcb
